app/build/intermediates/manifest_merge_blame_file/debug/manifest-merger-blame-debug-report.txt
1<?xml version="1.0" encoding="utf-8"?>
2<manifest xmlns:android="http://schemas.android.com/apk/res/android"
3    package="sanity.wearsportstopwatch"
4    android:versionCode="5"
5    android:versionName="1.4" >
6
7    <uses-sdk
8        android:minSdkVersion="26"
8-->src/main/AndroidManifest.xml
9        android:targetSdkVersion="32" />
9-->src/main/AndroidManifest.xml
10
11    <uses-permission android:name="android.permission.WAKE_LOCK" />
11-->src/main/AndroidManifest.xml:4:5-68
11-->src/main/AndroidManifest.xml:4:22-65
12    <uses-permission android:name="android.permission.VIBRATE" />
12-->src/main/AndroidManifest.xml:5:5-66
12-->src/main/AndroidManifest.xml:5:22-63
13    <uses-permission android:name="android.permission.FOREGROUND_SERVICE" />
13-->src/main/AndroidManifest.xml:6:5-77
13-->src/main/AndroidManifest.xml:6:22-74
14
15    <uses-feature android:name="android.hardware.type.watch" />
15-->src/main/AndroidManifest.xml:8:5-64
15-->src/main/AndroidManifest.xml:8:19-61
16
17    <application
17-->src/main/AndroidManifest.xml:10:5-43:19
18        android:allowBackup="true"
18-->src/main/AndroidManifest.xml:11:9-35
19        android:appComponentFactory="androidx.core.app.CoreComponentFactory"
19-->[androidx.core:core:1.7.0] AndroidManifest.xml:24:18-86
20        android:debuggable="true"
21        android:extractNativeLibs="false"
22        android:icon="@mipmap/ic_launcher"
22-->src/main/AndroidManifest.xml:12:9-43
23        android:label="@string/app_name"
23-->src/main/AndroidManifest.xml:13:9-41
24        android:supportsRtl="true"
24-->src/main/AndroidManifest.xml:14:9-35
25        android:testOnly="true"
26        android:theme="@android:style/Theme.DeviceDefault" >
26-->src/main/AndroidManifest.xml:15:9-59
27        <service
27-->src/main/AndroidManifest.xml:16:9-19:47
28            android:name="sanity.wearsportstopwatch.MyService"
28-->src/main/AndroidManifest.xml:17:13-38
29            android:enabled="true"
29-->src/main/AndroidManifest.xml:18:13-35
30            android:exported="true" />
30-->src/main/AndroidManifest.xml:19:13-36
31
32        <uses-library
32-->src/main/AndroidManifest.xml:21:9-23:39
33            android:name="com.google.android.wearable"
33-->src/main/AndroidManifest.xml:22:13-55
34            android:required="true" />
34-->src/main/AndroidManifest.xml:23:13-36
35        <!--
36               Set to true if your app is Standalone, that is, it does not require the handheld
37               app to run.
38        -->
39        <meta-data
39-->src/main/AndroidManifest.xml:28:9-30:36
40            android:name="com.google.android.wearable.standalone"
40-->src/main/AndroidManifest.xml:29:13-66
41            android:value="true" />
41-->src/main/AndroidManifest.xml:30:13-33
42
43        <activity
43-->src/main/AndroidManifest.xml:32:9-42:20
44            android:name="sanity.wearsportstopwatch.MainActivity"
44-->src/main/AndroidManifest.xml:33:13-41
45            android:exported="true"
45-->src/main/AndroidManifest.xml:34:13-36
46            android:label="@string/app_name"
46-->src/main/AndroidManifest.xml:36:13-45
47            android:launchMode="singleInstance" >
47-->src/main/AndroidManifest.xml:35:13-48
48            <intent-filter>
48-->src/main/AndroidManifest.xml:37:13-41:29
49                <action android:name="android.intent.action.MAIN" />
49-->src/main/AndroidManifest.xml:38:17-69
49-->src/main/AndroidManifest.xml:38:25-66
50
51                <category android:name="android.intent.category.LAUNCHER" />
51-->src/main/AndroidManifest.xml:40:17-77
51-->src/main/AndroidManifest.xml:40:27-74
52            </intent-filter>
53        </activity>
54        <activity
54-->[com.google.android.gms:play-services-base:18.0.1] AndroidManifest.xml:20:9-22:45
55            android:name="com.google.android.gms.common.api.GoogleApiActivity"
55-->[com.google.android.gms:play-services-base:18.0.1] AndroidManifest.xml:20:19-85
56            android:exported="false"
56-->[com.google.android.gms:play-services-base:18.0.1] AndroidManifest.xml:22:19-43
57            android:theme="@android:style/Theme.Translucent.NoTitleBar" />
57-->[com.google.android.gms:play-services-base:18.0.1] AndroidManifest.xml:21:19-78
58
59        <meta-data
59-->[com.google.android.gms:play-services-basement:18.0.0] AndroidManifest.xml:21:9-23:69
60            android:name="com.google.android.gms.version"
60-->[com.google.android.gms:play-services-basement:18.0.0] AndroidManifest.xml:22:13-58
61            android:value="@integer/google_play_services_version" />
61-->[com.google.android.gms:play-services-basement:18.0.0] AndroidManifest.xml:23:13-66
62    </application>
63
64</manifest>